[10:32:22.649] INF: Using Qt multimedia with FFmpeg version 7.1.3 LGPL version 2.1 or later  (/Users/qt/work/qt/qtmultimedia/src/plugins/multimedia/ffmpeg/qffmpegmediaintegration.cpp:164)
[10:32:22.836] WRN: qml : [Main] onCompleted() start  (/Users/rolandprinz/qt-projekte/DailyActionReminder/logqml.cpp:32)
[10:32:22.838] WRN: qml : [checkAlarmId = 1  (/Users/rolandprinz/qt-projekte/DailyActionReminder/logqml.cpp:32)
[10:32:22.840] WRN: qml : [checkAlarmId = 2  (/Users/rolandprinz/qt-projekte/DailyActionReminder/logqml.cpp:32)
[10:32:22.840] WRN: qml : [Main] startup actionsRunning= false  (/Users/rolandprinz/qt-projekte/DailyActionReminder/logqml.cpp:32)
[10:32:22.840] WRN: qml : [Main] stopActions()  (/Users/rolandprinz/qt-projekte/DailyActionReminder/logqml.cpp:32)
[10:32:22.841] WRN: qml : [SoundTaskManager] cancel idx= 0  alarmId= 1  (/Users/rolandprinz/qt-projekte/DailyActionReminder/logqml.cpp:32)
[10:32:22.855] WRN: qml : [SoundTaskManager] [iOS] cancel id=1  (/Users/rolandprinz/qt-projekte/DailyActionReminder/logqml.cpp:32)
[10:32:22.855] WRN: qml : [SoundTaskManager] cancel idx= 1  alarmId= 2  (/Users/rolandprinz/qt-projekte/DailyActionReminder/logqml.cpp:32)
[10:32:22.857] WRN: qml : [SoundTaskManager] [iOS] cancel id=2  (/Users/rolandprinz/qt-projekte/DailyActionReminder/logqml.cpp:32)
[10:32:23.718] WRN: qml : [SoundTaskManager] [iOS] audio session ready  (/Users/rolandprinz/qt-projekte/DailyActionReminder/logqml.cpp:32)
[10:32:26.227] WRN: qml : [SoundTaskManager] [iOS] notification permission granted  (/Users/rolandprinz/qt-projekte/DailyActionReminder/logqml.cpp:32)
[11:07:02.767] INF: Using Qt multimedia with FFmpeg version 7.1.3 LGPL version 2.1 or later  (/Users/qt/work/qt/qtmultimedia/src/plugins/multimedia/ffmpeg/qffmpegmediaintegration.cpp:164)
[11:07:02.952] WRN: qml : [Main] onCompleted() start  (/Users/rolandprinz/qt-projekte/DailyActionReminder/logqml.cpp:32)
[11:07:02.954] WRN: qml : [checkAlarmId = 1  (/Users/rolandprinz/qt-projekte/DailyActionReminder/logqml.cpp:32)
[11:07:02.958] WRN: qml : [checkAlarmId = 2  (/Users/rolandprinz/qt-projekte/DailyActionReminder/logqml.cpp:32)
[11:07:02.958] WRN: qml : [Main] startup actionsRunning= false  (/Users/rolandprinz/qt-projekte/DailyActionReminder/logqml.cpp:32)
[11:07:02.958] WRN: qml : [Main] stopActions()  (/Users/rolandprinz/qt-projekte/DailyActionReminder/logqml.cpp:32)
[11:07:02.959] WRN: qml : [SoundTaskManager] cancel idx= 0  alarmId= 1  (/Users/rolandprinz/qt-projekte/DailyActionReminder/logqml.cpp:32)
[11:07:02.960] WRN: qml : [SoundTaskManager] [iOS] cancel id=1  (/Users/rolandprinz/qt-projekte/DailyActionReminder/logqml.cpp:32)
[11:07:02.960] WRN: qml : [SoundTaskManager] cancel idx= 1  alarmId= 2  (/Users/rolandprinz/qt-projekte/DailyActionReminder/logqml.cpp:32)
[11:07:02.962] WRN: qml : [SoundTaskManager] [iOS] cancel id=2  (/Users/rolandprinz/qt-projekte/DailyActionReminder/logqml.cpp:32)
[11:07:03.522] WRN: qml : [SoundTaskManager] [iOS] audio session ready  (/Users/rolandprinz/qt-projekte/DailyActionReminder/logqml.cpp:32)
[11:07:03.523] WRN: qml : [SoundTaskManager] [iOS] notification permission granted  (/Users/rolandprinz/qt-projekte/DailyActionReminder/logqml.cpp:32)
[11:43:51.602] WRN: QPlatformInputContext::inputMethodAccepted() does not match actual focus object IM enablement!  (/Users/qt/work/qt/qtbase/src/plugins/platforms/ios/qiosinputcontext.mm:701)
[11:44:14.078] WRN: QPlatformInputContext::inputMethodAccepted() does not match actual focus object IM enablement!  (/Users/qt/work/qt/qtbase/src/plugins/platforms/ios/qiosinputcontext.mm:701)
[11:44:14.082] WRN: QPlatformInputContext::inputMethodAccepted() does not match actual focus object IM enablement!  (/Users/qt/work/qt/qtbase/src/plugins/platforms/ios/qiosinputcontext.mm:701)
[11:44:45.997] WRN: QPlatformInputContext::inputMethodAccepted() does not match actual focus object IM enablement!  (/Users/qt/work/qt/qtbase/src/plugins/platforms/ios/qiosinputcontext.mm:701)
[11:45:22.453] WRN: QPlatformInputContext::inputMethodAccepted() does not match actual focus object IM enablement!  (/Users/qt/work/qt/qtbase/src/plugins/platforms/ios/qiosinputcontext.mm:701)
[11:45:22.458] WRN: QPlatformInputContext::inputMethodAccepted() does not match actual focus object IM enablement!  (/Users/qt/work/qt/qtbase/src/plugins/platforms/ios/qiosinputcontext.mm:701)
[11:45:31.757] WRN: QPlatformInputContext::inputMethodAccepted() does not match actual focus object IM enablement!  (/Users/qt/work/qt/qtbase/src/plugins/platforms/ios/qiosinputcontext.mm:701)
[11:45:54.178] WRN: QPlatformInputContext::inputMethodAccepted() does not match actual focus object IM enablement!  (/Users/qt/work/qt/qtbase/src/plugins/platforms/ios/qiosinputcontext.mm:701)
[11:45:54.183] WRN: QPlatformInputContext::inputMethodAccepted() does not match actual focus object IM enablement!  (/Users/qt/work/qt/qtbase/src/plugins/platforms/ios/qiosinputcontext.mm:701)
[11:45:59.630] WRN: QPlatformInputContext::inputMethodAccepted() does not match actual focus object IM enablement!  (/Users/qt/work/qt/qtbase/src/plugins/platforms/ios/qiosinputcontext.mm:701)
[11:46:35.821] WRN: QPlatformInputContext::inputMethodAccepted() does not match actual focus object IM enablement!  (/Users/qt/work/qt/qtbase/src/plugins/platforms/ios/qiosinputcontext.mm:701)
[11:46:35.834] WRN: QPlatformInputContext::inputMethodAccepted() does not match actual focus object IM enablement!  (/Users/qt/work/qt/qtbase/src/plugins/platforms/ios/qiosinputcontext.mm:701)
[11:46:38.755] WRN: QPlatformInputContext::inputMethodAccepted() does not match actual focus object IM enablement!  (/Users/qt/work/qt/qtbase/src/plugins/platforms/ios/qiosinputcontext.mm:701)
[11:46:44.046] WRN: QPlatformInputContext::inputMethodAccepted() does not match actual focus object IM enablement!  (/Users/qt/work/qt/qtbase/src/plugins/platforms/ios/qiosinputcontext.mm:701)
[11:46:44.050] WRN: QPlatformInputContext::inputMethodAccepted() does not match actual focus object IM enablement!  (/Users/qt/work/qt/qtbase/src/plugins/platforms/ios/qiosinputcontext.mm:701)
[11:46:47.454] WRN: qml : [Main] startActions()  (/Users/rolandprinz/qt-projekte/DailyActionReminder/logqml.cpp:32)
[11:46:47.455] WRN: qml : [SoundTaskManager] [iOS] cancelAll count=0  (/Users/rolandprinz/qt-projekte/DailyActionReminder/logqml.cpp:32)
[11:46:47.479] WRN: qml : [SoundTaskManager] startFixed idx= 0  fire= 2026-06-03T10:30:00.000Z  vol= 1  (/Users/rolandprinz/qt-projekte/DailyActionReminder/logqml.cpp:32)
[11:46:47.498] WRN: qml : [SoundTaskManager] [iOS] schedule id=900001 mode=fixedTime first=2026-06-03T12:30:00 anchor= count=1 sound=bell.wav  (/Users/rolandprinz/qt-projekte/DailyActionReminder/logqml.cpp:32)
[11:46:47.498] WRN: qml : [SoundTaskManager] startFixed -> id= 900001  (/Users/rolandprinz/qt-projekte/DailyActionReminder/logqml.cpp:32)
[11:46:47.501] WRN: qml : [SoundTaskManager] startInterval idx= 1  startMs= 1780466400000  endMs= 1780520400000  anchorMs= 1780480007458  intervalSecs= 120  vol= 1  (/Users/rolandprinz/qt-projekte/DailyActionReminder/logqml.cpp:32)
[11:46:48.019] WRN: qml : [SoundTaskManager] [iOS] schedule id=900002 mode=interval first=2026-06-03T11:48:47 anchor=11:46 count=60 sound=bell.wav  (/Users/rolandprinz/qt-projekte/DailyActionReminder/logqml.cpp:32)
[11:46:48.019] WRN: qml : [SoundTaskManager] startInterval -> id= 900002  (/Users/rolandprinz/qt-projekte/DailyActionReminder/logqml.cpp:32)
[11:48:56.576] WRN: QPlatformInputContext::inputMethodAccepted() does not match actual focus object IM enablement!  (/Users/qt/work/qt/qtbase/src/plugins/platforms/ios/qiosinputcontext.mm:701)
[11:49:05.105] WRN: qml : [SoundTaskManager] cancel idx= 1  alarmId= 900002  (/Users/rolandprinz/qt-projekte/DailyActionReminder/logqml.cpp:32)
[11:49:05.151] WRN: qml : [SoundTaskManager] [iOS] cancel id=900002  (/Users/rolandprinz/qt-projekte/DailyActionReminder/logqml.cpp:32)
[11:49:05.153] WRN: qml : [SoundTaskManager] startInterval idx= 1  startMs= 1780466400000  endMs= 1780520400000  anchorMs= 1780480007458  intervalSecs= 10800  vol= 1  (/Users/rolandprinz/qt-projekte/DailyActionReminder/logqml.cpp:32)
[11:49:05.689] WRN: qml : [SoundTaskManager] [iOS] schedule id=900003 mode=interval first=2026-06-03T14:46:47 anchor=11:46 count=60 sound=bell.wav  (/Users/rolandprinz/qt-projekte/DailyActionReminder/logqml.cpp:32)
[11:49:05.690] WRN: qml : [SoundTaskManager] startInterval -> id= 900003  (/Users/rolandprinz/qt-projekte/DailyActionReminder/logqml.cpp:32)
[11:49:05.723] WRN: QPlatformInputContext::inputMethodAccepted() does not match actual focus object IM enablement!  (/Users/qt/work/qt/qtbase/src/plugins/platforms/ios/qiosinputcontext.mm:701)
[11:49:05.726] WRN: QPlatformInputContext::inputMethodAccepted() does not match actual focus object IM enablement!  (/Users/qt/work/qt/qtbase/src/plugins/platforms/ios/qiosinputcontext.mm:701)
[11:49:06.042] WRN: QPlatformInputContext::inputMethodAccepted() does not match actual focus object IM enablement!  (/Users/qt/work/qt/qtbase/src/plugins/platforms/ios/qiosinputcontext.mm:701)
[11:49:07.122] WRN: QPlatformInputContext::inputMethodAccepted() does not match actual focus object IM enablement!  (/Users/qt/work/qt/qtbase/src/plugins/platforms/ios/qiosinputcontext.mm:701)
[11:49:07.126] WRN: QPlatformInputContext::inputMethodAccepted() does not match actual focus object IM enablement!  (/Users/qt/work/qt/qtbase/src/plugins/platforms/ios/qiosinputcontext.mm:701)
[12:32:54.337] INF: Using Qt multimedia with FFmpeg version 7.1.3 LGPL version 2.1 or later  (/Users/qt/work/qt/qtmultimedia/src/plugins/multimedia/ffmpeg/qffmpegmediaintegration.cpp:164)
[12:32:54.425] WRN: qml : [Main] onCompleted() start  (/Users/rolandprinz/qt-projekte/DailyActionReminder/logqml.cpp:32)
[12:32:54.427] WRN: qml : [checkAlarmId = 900001  (/Users/rolandprinz/qt-projekte/DailyActionReminder/logqml.cpp:32)
[12:32:54.454] WRN: qml : [Main] startup actionsRunning= true  (/Users/rolandprinz/qt-projekte/DailyActionReminder/logqml.cpp:32)
[12:32:55.138] WRN: qml : [SoundTaskManager] [iOS] audio session ready  (/Users/rolandprinz/qt-projekte/DailyActionReminder/logqml.cpp:32)
[12:32:55.146] WRN: qml : [SoundTaskManager] [iOS] notification permission granted  (/Users/rolandprinz/qt-projekte/DailyActionReminder/logqml.cpp:32)
[09:27:21.748] INF: Using Qt multimedia with FFmpeg version 7.1.3 LGPL version 2.1 or later  (/Users/qt/work/qt/qtmultimedia/src/plugins/multimedia/ffmpeg/qffmpegmediaintegration.cpp:164)
[09:27:21.842] WRN: qml : [Main] onCompleted() start  (/Users/rolandprinz/qt-projekte/DailyActionReminder/logqml.cpp:32)
[09:27:21.844] WRN: qml : [checkAlarmId = 900001  (/Users/rolandprinz/qt-projekte/DailyActionReminder/logqml.cpp:32)
[09:27:21.853] WRN: qml : [Main] startup actionsRunning= true  (/Users/rolandprinz/qt-projekte/DailyActionReminder/logqml.cpp:32)
[09:27:22.098] WRN: qml : [SoundTaskManager] [iOS] audio session ready  (/Users/rolandprinz/qt-projekte/DailyActionReminder/logqml.cpp:32)
[09:27:22.100] WRN: qml : [SoundTaskManager] [iOS] notification permission granted  (/Users/rolandprinz/qt-projekte/DailyActionReminder/logqml.cpp:32)
[14:47:29.626] INF: Using Qt multimedia with FFmpeg version 7.1.3 LGPL version 2.1 or later  (/Users/qt/work/qt/qtmultimedia/src/plugins/multimedia/ffmpeg/qffmpegmediaintegration.cpp:164)
[14:47:29.711] WRN: qml : [Main] onCompleted() start  (/Users/rolandprinz/qt-projekte/DailyActionReminder/logqml.cpp:32)
[14:47:29.713] WRN: qml : [checkAlarmId = 900001  (/Users/rolandprinz/qt-projekte/DailyActionReminder/logqml.cpp:32)
[14:47:29.719] WRN: qml : [Main] startup actionsRunning= true  (/Users/rolandprinz/qt-projekte/DailyActionReminder/logqml.cpp:32)
[14:47:30.234] WRN: qml : [SoundTaskManager] [iOS] audio session ready  (/Users/rolandprinz/qt-projekte/DailyActionReminder/logqml.cpp:32)
[14:47:30.234] WRN: qml : [SoundTaskManager] [iOS] notification permission granted  (/Users/rolandprinz/qt-projekte/DailyActionReminder/logqml.cpp:32)
[14:47:37.412] WRN: qml : [SoundTaskManager] startFixed idx= 2  fire= 2026-06-14T22:00:00.000Z  vol= 0.5  (/Users/rolandprinz/qt-projekte/DailyActionReminder/logqml.cpp:32)
[14:47:37.437] WRN: qml : [SoundTaskManager] [iOS] schedule id=900004 mode=fixedTime first=2026-06-15T00:00:00 anchor= count=1 sound=bell.wav  (/Users/rolandprinz/qt-projekte/DailyActionReminder/logqml.cpp:32)
[14:47:37.438] WRN: qml : [SoundTaskManager] startFixed -> id= 900004  (/Users/rolandprinz/qt-projekte/DailyActionReminder/logqml.cpp:32)
[14:47:41.346] WRN: QPlatformInputContext::inputMethodAccepted() does not match actual focus object IM enablement!  (/Users/qt/work/qt/qtbase/src/plugins/platforms/ios/qiosinputcontext.mm:701)
[14:48:01.468] WRN: QPlatformInputContext::inputMethodAccepted() does not match actual focus object IM enablement!  (/Users/qt/work/qt/qtbase/src/plugins/platforms/ios/qiosinputcontext.mm:701)
[14:48:01.472] WRN: QPlatformInputContext::inputMethodAccepted() does not match actual focus object IM enablement!  (/Users/qt/work/qt/qtbase/src/plugins/platforms/ios/qiosinputcontext.mm:701)
[14:48:03.886] WRN: qml : [SoundTaskManager] cancel idx= 2  alarmId= 900004  (/Users/rolandprinz/qt-projekte/DailyActionReminder/logqml.cpp:32)
[14:48:03.903] WRN: qml : [SoundTaskManager] [iOS] cancel id=900004  (/Users/rolandprinz/qt-projekte/DailyActionReminder/logqml.cpp:32)
[14:48:03.906] WRN: qml : [SoundTaskManager] startInterval idx= 2  startMs= 0  endMs= 0  anchorMs= 1781441220000  intervalSecs= 3600  vol= 0.5  (/Users/rolandprinz/qt-projekte/DailyActionReminder/logqml.cpp:32)
[14:48:04.474] WRN: qml : [SoundTaskManager] [iOS] schedule id=900005 mode=interval first=2026-06-14T15:47:00 anchor=14:47 count=60 sound=bell.wav  (/Users/rolandprinz/qt-projekte/DailyActionReminder/logqml.cpp:32)
[14:48:04.475] WRN: qml : [SoundTaskManager] startInterval -> id= 900005  (/Users/rolandprinz/qt-projekte/DailyActionReminder/logqml.cpp:32)
[14:48:08.102] WRN: QPlatformInputContext::inputMethodAccepted() does not match actual focus object IM enablement!  (/Users/qt/work/qt/qtbase/src/plugins/platforms/ios/qiosinputcontext.mm:701)
[14:48:20.301] WRN: QPlatformInputContext::inputMethodAccepted() does not match actual focus object IM enablement!  (/Users/qt/work/qt/qtbase/src/plugins/platforms/ios/qiosinputcontext.mm:701)
[14:48:20.305] WRN: QPlatformInputContext::inputMethodAccepted() does not match actual focus object IM enablement!  (/Users/qt/work/qt/qtbase/src/plugins/platforms/ios/qiosinputcontext.mm:701)
[14:48:20.322] WRN: qml : [SoundTaskManager] cancel idx= 2  alarmId= 900005  (/Users/rolandprinz/qt-projekte/DailyActionReminder/logqml.cpp:32)
[14:48:20.353] WRN: qml : [SoundTaskManager] [iOS] cancel id=900005  (/Users/rolandprinz/qt-projekte/DailyActionReminder/logqml.cpp:32)
[14:48:20.355] WRN: qml : [SoundTaskManager] startInterval idx= 2  startMs= 0  endMs= 0  anchorMs= 1781442000000  intervalSecs= 3600  vol= 0.5  (/Users/rolandprinz/qt-projekte/DailyActionReminder/logqml.cpp:32)
[14:48:20.883] WRN: qml : [SoundTaskManager] [iOS] schedule id=900006 mode=interval first=2026-06-14T16:00:00 anchor=15:00 count=60 sound=bell.wav  (/Users/rolandprinz/qt-projekte/DailyActionReminder/logqml.cpp:32)
[14:48:20.884] WRN: qml : [SoundTaskManager] startInterval -> id= 900006  (/Users/rolandprinz/qt-projekte/DailyActionReminder/logqml.cpp:32)
[14:48:25.333] WRN: qml : [main] sound changed role= sound  (/Users/rolandprinz/qt-projekte/DailyActionReminder/logqml.cpp:32)
[14:48:25.336] WRN: QPlatformInputContext::inputMethodAccepted() does not match actual focus object IM enablement!  (/Users/qt/work/qt/qtbase/src/plugins/platforms/ios/qiosinputcontext.mm:701)
[14:48:25.366] WRN: qml : [main] sound changed start callLater  (/Users/rolandprinz/qt-projekte/DailyActionReminder/logqml.cpp:32)
[14:48:25.947] WRN: qml : [SoundTaskManager] [iOS] schedule id=900006 mode=interval first=2026-06-14T16:00:00 anchor=15:00 count=60 sound=triangle_ping.wav  (/Users/rolandprinz/qt-projekte/DailyActionReminder/logqml.cpp:32)
[14:48:26.022] WRN: qml : [main] sound changed -> rescheduled keep phase  (/Users/rolandprinz/qt-projekte/DailyActionReminder/logqml.cpp:32)
[14:48:48.305] WRN: QPlatformInputContext::inputMethodAccepted() does not match actual focus object IM enablement!  (/Users/qt/work/qt/qtbase/src/plugins/platforms/ios/qiosinputcontext.mm:701)
[14:48:48.309] WRN: QPlatformInputContext::inputMethodAccepted() does not match actual focus object IM enablement!  (/Users/qt/work/qt/qtbase/src/plugins/platforms/ios/qiosinputcontext.mm:701)
[14:48:50.878] WRN: QPlatformInputContext::inputMethodAccepted() does not match actual focus object IM enablement!  (/Users/qt/work/qt/qtbase/src/plugins/platforms/ios/qiosinputcontext.mm:701)
[14:49:00.183] WRN: qml : [SoundTaskManager] cancel idx= 2  alarmId= 900006  (/Users/rolandprinz/qt-projekte/DailyActionReminder/logqml.cpp:32)
[14:49:00.229] WRN: qml : [SoundTaskManager] [iOS] cancel id=900006  (/Users/rolandprinz/qt-projekte/DailyActionReminder/logqml.cpp:32)
[14:49:00.231] WRN: qml : [SoundTaskManager] startInterval idx= 2  startMs= 0  endMs= 0  anchorMs= 1781442000000  intervalSecs= 7200  vol= 0.5  (/Users/rolandprinz/qt-projekte/DailyActionReminder/logqml.cpp:32)
[14:49:00.778] WRN: qml : [SoundTaskManager] [iOS] schedule id=900007 mode=interval first=2026-06-14T17:00:00 anchor=15:00 count=60 sound=triangle_ping.wav  (/Users/rolandprinz/qt-projekte/DailyActionReminder/logqml.cpp:32)
[14:49:00.779] WRN: qml : [SoundTaskManager] startInterval -> id= 900007  (/Users/rolandprinz/qt-projekte/DailyActionReminder/logqml.cpp:32)
[14:49:00.812] WRN: QPlatformInputContext::inputMethodAccepted() does not match actual focus object IM enablement!  (/Users/qt/work/qt/qtbase/src/plugins/platforms/ios/qiosinputcontext.mm:701)
[14:49:00.815] WRN: QPlatformInputContext::inputMethodAccepted() does not match actual focus object IM enablement!  (/Users/qt/work/qt/qtbase/src/plugins/platforms/ios/qiosinputcontext.mm:701)
[14:49:13.721] WRN: qml : [SoundTaskManager] startFixed idx= 3  fire= 2026-06-14T22:00:00.000Z  vol= 0.5  (/Users/rolandprinz/qt-projekte/DailyActionReminder/logqml.cpp:32)
[14:49:13.795] WRN: qml : [SoundTaskManager] [iOS] schedule id=900008 mode=fixedTime first=2026-06-15T00:00:00 anchor= count=1 sound=bell.wav  (/Users/rolandprinz/qt-projekte/DailyActionReminder/logqml.cpp:32)
[14:49:13.796] WRN: qml : [SoundTaskManager] startFixed -> id= 900008  (/Users/rolandprinz/qt-projekte/DailyActionReminder/logqml.cpp:32)
[14:49:15.000] WRN: QPlatformInputContext::inputMethodAccepted() does not match actual focus object IM enablement!  (/Users/qt/work/qt/qtbase/src/plugins/platforms/ios/qiosinputcontext.mm:701)
[14:49:48.384] WRN: qml : [SoundTaskManager] cancel idx= 3  alarmId= 900008  (/Users/rolandprinz/qt-projekte/DailyActionReminder/logqml.cpp:32)
[14:49:48.440] WRN: qml : [SoundTaskManager] [iOS] cancel id=900008  (/Users/rolandprinz/qt-projekte/DailyActionReminder/logqml.cpp:32)
[14:49:48.442] WRN: qml : [SoundTaskManager] startInterval idx= 3  startMs= 0  endMs= 0  anchorMs= 1781441340000  intervalSecs= 3600  vol= 0.5  (/Users/rolandprinz/qt-projekte/DailyActionReminder/logqml.cpp:32)
[14:49:49.403] WRN: qml : [SoundTaskManager] [iOS] schedule id=900009 mode=interval first=2026-06-14T15:49:00 anchor=14:49 count=60 sound=bell.wav  (/Users/rolandprinz/qt-projekte/DailyActionReminder/logqml.cpp:32)
[14:49:49.404] WRN: qml : [SoundTaskManager] startInterval -> id= 900009  (/Users/rolandprinz/qt-projekte/DailyActionReminder/logqml.cpp:32)
[14:49:49.535] WRN: QPlatformInputContext::inputMethodAccepted() does not match actual focus object IM enablement!  (/Users/qt/work/qt/qtbase/src/plugins/platforms/ios/qiosinputcontext.mm:701)
[14:49:49.545] WRN: QPlatformInputContext::inputMethodAccepted() does not match actual focus object IM enablement!  (/Users/qt/work/qt/qtbase/src/plugins/platforms/ios/qiosinputcontext.mm:701)
[14:49:57.042] WRN: QPlatformInputContext::inputMethodAccepted() does not match actual focus object IM enablement!  (/Users/qt/work/qt/qtbase/src/plugins/platforms/ios/qiosinputcontext.mm:701)
[14:50:09.798] WRN: qml : [SoundTaskManager] cancel idx= 3  alarmId= 900009  (/Users/rolandprinz/qt-projekte/DailyActionReminder/logqml.cpp:32)
[14:50:09.826] WRN: qml : [SoundTaskManager] [iOS] cancel id=900009  (/Users/rolandprinz/qt-projekte/DailyActionReminder/logqml.cpp:32)
[14:50:09.827] WRN: qml : [SoundTaskManager] startInterval idx= 3  startMs= 0  endMs= 0  anchorMs= 1781441340000  intervalSecs= 14400  vol= 0.5  (/Users/rolandprinz/qt-projekte/DailyActionReminder/logqml.cpp:32)
[14:50:10.380] WRN: qml : [SoundTaskManager] [iOS] schedule id=900010 mode=interval first=2026-06-14T18:49:00 anchor=14:49 count=60 sound=bell.wav  (/Users/rolandprinz/qt-projekte/DailyActionReminder/logqml.cpp:32)
[14:50:10.381] WRN: qml : [SoundTaskManager] startInterval -> id= 900010  (/Users/rolandprinz/qt-projekte/DailyActionReminder/logqml.cpp:32)
[14:50:21.592] WRN: QPlatformInputContext::inputMethodAccepted() does not match actual focus object IM enablement!  (/Users/qt/work/qt/qtbase/src/plugins/platforms/ios/qiosinputcontext.mm:701)
[14:50:21.597] WRN: QPlatformInputContext::inputMethodAccepted() does not match actual focus object IM enablement!  (/Users/qt/work/qt/qtbase/src/plugins/platforms/ios/qiosinputcontext.mm:701)
[14:50:21.612] WRN: qml : [SoundTaskManager] cancel idx= 3  alarmId= 900010  (/Users/rolandprinz/qt-projekte/DailyActionReminder/logqml.cpp:32)
[14:50:21.645] WRN: qml : [SoundTaskManager] [iOS] cancel id=900010  (/Users/rolandprinz/qt-projekte/DailyActionReminder/logqml.cpp:32)
[14:50:21.647] WRN: qml : [SoundTaskManager] startInterval idx= 3  startMs= 0  endMs= 0  anchorMs= 1781443800000  intervalSecs= 14400  vol= 0.5  (/Users/rolandprinz/qt-projekte/DailyActionReminder/logqml.cpp:32)
[14:50:22.192] WRN: qml : [SoundTaskManager] [iOS] schedule id=900011 mode=interval first=2026-06-14T19:30:00 anchor=15:30 count=60 sound=bell.wav  (/Users/rolandprinz/qt-projekte/DailyActionReminder/logqml.cpp:32)
[14:50:22.193] WRN: qml : [SoundTaskManager] startInterval -> id= 900011  (/Users/rolandprinz/qt-projekte/DailyActionReminder/logqml.cpp:32)
[14:50:30.376] WRN: qml : [main] sound changed role= sound  (/Users/rolandprinz/qt-projekte/DailyActionReminder/logqml.cpp:32)
[14:50:30.377] WRN: QPlatformInputContext::inputMethodAccepted() does not match actual focus object IM enablement!  (/Users/qt/work/qt/qtbase/src/plugins/platforms/ios/qiosinputcontext.mm:701)
[14:50:30.407] WRN: qml : [main] sound changed start callLater  (/Users/rolandprinz/qt-projekte/DailyActionReminder/logqml.cpp:32)
[14:50:31.004] WRN: qml : [SoundTaskManager] [iOS] schedule id=900011 mode=interval first=2026-06-14T19:30:00 anchor=15:30 count=60 sound=wood_tap.wav  (/Users/rolandprinz/qt-projekte/DailyActionReminder/logqml.cpp:32)
[14:50:31.096] WRN: qml : [main] sound changed -> rescheduled keep phase  (/Users/rolandprinz/qt-projekte/DailyActionReminder/logqml.cpp:32)
[14:50:31.373] WRN: QPlatformInputContext::inputMethodAccepted() does not match actual focus object IM enablement!  (/Users/qt/work/qt/qtbase/src/plugins/platforms/ios/qiosinputcontext.mm:701)
[14:50:31.388] WRN: QPlatformInputContext::inputMethodAccepted() does not match actual focus object IM enablement!  (/Users/qt/work/qt/qtbase/src/plugins/platforms/ios/qiosinputcontext.mm:701)
[14:50:33.934] WRN: qml : [main] sound changed role= volume  (/Users/rolandprinz/qt-projekte/DailyActionReminder/logqml.cpp:32)
[14:50:33.936] WRN: qml : [main] sound changed start callLater  (/Users/rolandprinz/qt-projekte/DailyActionReminder/logqml.cpp:32)
[14:50:34.538] WRN: qml : [SoundTaskManager] [iOS] schedule id=900011 mode=interval first=2026-06-14T19:30:00 anchor=15:30 count=60 sound=wood_tap.wav  (/Users/rolandprinz/qt-projekte/DailyActionReminder/logqml.cpp:32)
[14:50:34.630] WRN: qml : [main] sound changed -> rescheduled keep phase  (/Users/rolandprinz/qt-projekte/DailyActionReminder/logqml.cpp:32)
[14:50:35.149] WRN: qml : [main] sound changed role= volume  (/Users/rolandprinz/qt-projekte/DailyActionReminder/logqml.cpp:32)
[14:50:35.150] WRN: qml : [main] sound changed start callLater  (/Users/rolandprinz/qt-projekte/DailyActionReminder/logqml.cpp:32)
[14:50:36.156] WRN: qml : [SoundTaskManager] [iOS] schedule id=900007 mode=interval first=2026-06-14T17:00:00 anchor=15:00 count=60 sound=triangle_ping.wav  (/Users/rolandprinz/qt-projekte/DailyActionReminder/logqml.cpp:32)
[14:50:36.250] WRN: qml : [main] sound changed -> rescheduled keep phase  (/Users/rolandprinz/qt-projekte/DailyActionReminder/logqml.cpp:32)
[12:38:05.399] INF: Using Qt multimedia with FFmpeg version 7.1.3 LGPL version 2.1 or later  (/Users/qt/work/qt/qtmultimedia/src/plugins/multimedia/ffmpeg/qffmpegmediaintegration.cpp:164)
[12:38:05.495] WRN: qml : [Main] onCompleted() start  (/Users/rolandprinz/qt-projekte/DailyActionReminder/logqml.cpp:32)
[12:38:05.497] WRN: qml : [checkAlarmId = 900001  (/Users/rolandprinz/qt-projekte/DailyActionReminder/logqml.cpp:32)
[12:38:05.520] WRN: qml : [checkAlarmId = 900003  (/Users/rolandprinz/qt-projekte/DailyActionReminder/logqml.cpp:32)
[12:38:05.538] WRN: qml : [checkAlarmId = 900007  (/Users/rolandprinz/qt-projekte/DailyActionReminder/logqml.cpp:32)
[12:38:05.556] WRN: qml : [Main] startup actionsRunning= true  (/Users/rolandprinz/qt-projekte/DailyActionReminder/logqml.cpp:32)
[12:38:05.996] WRN: qml : [SoundTaskManager] [iOS] audio session ready  (/Users/rolandprinz/qt-projekte/DailyActionReminder/logqml.cpp:32)
[12:38:06.001] WRN: qml : [SoundTaskManager] [iOS] notification permission granted  (/Users/rolandprinz/qt-projekte/DailyActionReminder/logqml.cpp:32)
[12:38:40.593] WRN: qml : [Main] stopActions()  (/Users/rolandprinz/qt-projekte/DailyActionReminder/logqml.cpp:32)
[12:38:40.598] WRN: qml : [SoundTaskManager] cancel idx= 0  alarmId= 900001  (/Users/rolandprinz/qt-projekte/DailyActionReminder/logqml.cpp:32)
[12:38:40.652] WRN: qml : [SoundTaskManager] [iOS] cancel id=900001  (/Users/rolandprinz/qt-projekte/DailyActionReminder/logqml.cpp:32)
[12:38:40.652] WRN: qml : [SoundTaskManager] cancel idx= 1  alarmId= 900003  (/Users/rolandprinz/qt-projekte/DailyActionReminder/logqml.cpp:32)
[12:38:40.688] WRN: qml : [SoundTaskManager] [iOS] cancel id=900003  (/Users/rolandprinz/qt-projekte/DailyActionReminder/logqml.cpp:32)
[12:38:40.689] WRN: qml : [SoundTaskManager] cancel idx= 2  alarmId= 900007  (/Users/rolandprinz/qt-projekte/DailyActionReminder/logqml.cpp:32)
[12:38:40.718] WRN: qml : [SoundTaskManager] [iOS] cancel id=900007  (/Users/rolandprinz/qt-projekte/DailyActionReminder/logqml.cpp:32)
[12:38:40.718] WRN: qml : [SoundTaskManager] cancel idx= 3  alarmId= 900011  (/Users/rolandprinz/qt-projekte/DailyActionReminder/logqml.cpp:32)
[12:38:40.747] WRN: qml : [SoundTaskManager] [iOS] cancel id=900011  (/Users/rolandprinz/qt-projekte/DailyActionReminder/logqml.cpp:32)
[12:38:41.609] WRN: qml : [Main] startActions()  (/Users/rolandprinz/qt-projekte/DailyActionReminder/logqml.cpp:32)
[12:38:41.610] WRN: qml : [SoundTaskManager] [iOS] cancelAll count=0  (/Users/rolandprinz/qt-projekte/DailyActionReminder/logqml.cpp:32)
[12:38:41.643] WRN: qml : [SoundTaskManager] startFixed idx= 0  fire= 2026-06-16T10:30:00.000Z  vol= 1  (/Users/rolandprinz/qt-projekte/DailyActionReminder/logqml.cpp:32)
[12:38:41.657] WRN: qml : [SoundTaskManager] [iOS] schedule id=900012 mode=fixedTime first=2026-06-16T12:30:00 anchor= count=1 sound=bell.wav  (/Users/rolandprinz/qt-projekte/DailyActionReminder/logqml.cpp:32)
[12:38:41.657] WRN: qml : [SoundTaskManager] startFixed -> id= 900012  (/Users/rolandprinz/qt-projekte/DailyActionReminder/logqml.cpp:32)
[12:38:41.660] WRN: qml : [SoundTaskManager] startInterval idx= 1  startMs= 1781503200000  endMs= 1781557200000  anchorMs= 1781519921614  intervalSecs= 10800  vol= 1  (/Users/rolandprinz/qt-projekte/DailyActionReminder/logqml.cpp:32)
[12:38:42.199] WRN: qml : [SoundTaskManager] [iOS] schedule id=900013 mode=interval first=2026-06-15T15:38:41 anchor=12:38 count=60 sound=bell.wav  (/Users/rolandprinz/qt-projekte/DailyActionReminder/logqml.cpp:32)
[12:38:42.200] WRN: qml : [SoundTaskManager] startInterval -> id= 900013  (/Users/rolandprinz/qt-projekte/DailyActionReminder/logqml.cpp:32)
[12:38:42.205] WRN: qml : [SoundTaskManager] startInterval idx= 2  startMs= 0  endMs= 0  anchorMs= 1781519921614  intervalSecs= 7200  vol= 1  (/Users/rolandprinz/qt-projekte/DailyActionReminder/logqml.cpp:32)
[12:38:43.181] WRN: qml : [SoundTaskManager] [iOS] schedule id=900014 mode=interval first=2026-06-15T14:38:41 anchor=12:38 count=60 sound=triangle_ping.wav  (/Users/rolandprinz/qt-projekte/DailyActionReminder/logqml.cpp:32)
[12:38:43.182] WRN: qml : [SoundTaskManager] startInterval -> id= 900014  (/Users/rolandprinz/qt-projekte/DailyActionReminder/logqml.cpp:32)
[12:38:43.188] WRN: qml : [SoundTaskManager] startInterval idx= 3  startMs= 0  endMs= 0  anchorMs= 1781519921614  intervalSecs= 14400  vol= 1  (/Users/rolandprinz/qt-projekte/DailyActionReminder/logqml.cpp:32)
[12:38:44.152] WRN: qml : [SoundTaskManager] [iOS] schedule id=900015 mode=interval first=2026-06-15T16:38:41 anchor=12:38 count=60 sound=wood_tap.wav  (/Users/rolandprinz/qt-projekte/DailyActionReminder/logqml.cpp:32)
[12:38:44.153] WRN: qml : [SoundTaskManager] startInterval -> id= 900015  (/Users/rolandprinz/qt-projekte/DailyActionReminder/logqml.cpp:32)
[16:23:01.747] WRN: QPlatformInputContext::inputMethodAccepted() does not match actual focus object IM enablement!  (/Users/qt/work/qt/qtbase/src/plugins/platforms/ios/qiosinputcontext.mm:701)
[16:23:09.578] WRN: qml : [SoundTaskManager] cancel idx= 3  alarmId= 900015  (/Users/rolandprinz/qt-projekte/DailyActionReminder/logqml.cpp:32)
[16:23:09.633] WRN: qml : [SoundTaskManager] [iOS] cancel id=900015  (/Users/rolandprinz/qt-projekte/DailyActionReminder/logqml.cpp:32)
[16:23:09.635] WRN: qml : [SoundTaskManager] startInterval idx= 3  startMs= 0  endMs= 0  anchorMs= 1781521200000  intervalSecs= 14400  vol= 1  (/Users/rolandprinz/qt-projekte/DailyActionReminder/logqml.cpp:32)
[16:23:10.176] WRN: qml : [SoundTaskManager] [iOS] schedule id=900016 mode=interval first=2026-06-15T17:00:00 anchor=13:00 count=60 sound=wood_tap.wav  (/Users/rolandprinz/qt-projekte/DailyActionReminder/logqml.cpp:32)
[16:23:10.177] WRN: qml : [SoundTaskManager] startInterval -> id= 900016  (/Users/rolandprinz/qt-projekte/DailyActionReminder/logqml.cpp:32)
[16:23:10.215] WRN: QPlatformInputContext::inputMethodAccepted() does not match actual focus object IM enablement!  (/Users/qt/work/qt/qtbase/src/plugins/platforms/ios/qiosinputcontext.mm:701)
[16:23:10.218] WRN: QPlatformInputContext::inputMethodAccepted() does not match actual focus object IM enablement!  (/Users/qt/work/qt/qtbase/src/plugins/platforms/ios/qiosinputcontext.mm:701)
[16:23:27.931] WRN: qml : [main] sound changed role= volume  (/Users/rolandprinz/qt-projekte/DailyActionReminder/logqml.cpp:32)
[16:23:27.933] WRN: qml : [main] sound changed start callLater  (/Users/rolandprinz/qt-projekte/DailyActionReminder/logqml.cpp:32)
[16:23:28.531] WRN: qml : [SoundTaskManager] [iOS] schedule id=900016 mode=interval first=2026-06-15T17:00:00 anchor=13:00 count=60 sound=wood_tap.wav  (/Users/rolandprinz/qt-projekte/DailyActionReminder/logqml.cpp:32)
[16:23:28.637] WRN: qml : [main] sound changed -> rescheduled keep phase  (/Users/rolandprinz/qt-projekte/DailyActionReminder/logqml.cpp:32)
[16:23:29.678] WRN: qml : [main] sound changed role= volume  (/Users/rolandprinz/qt-projekte/DailyActionReminder/logqml.cpp:32)
[16:23:29.679] WRN: qml : [main] sound changed start callLater  (/Users/rolandprinz/qt-projekte/DailyActionReminder/logqml.cpp:32)
[16:23:30.283] WRN: qml : [SoundTaskManager] [iOS] schedule id=900016 mode=interval first=2026-06-15T17:00:00 anchor=13:00 count=60 sound=wood_tap.wav  (/Users/rolandprinz/qt-projekte/DailyActionReminder/logqml.cpp:32)
[16:23:30.368] WRN: qml : [main] sound changed -> rescheduled keep phase  (/Users/rolandprinz/qt-projekte/DailyActionReminder/logqml.cpp:32)
[16:23:34.834] WRN: qml : [main] sound changed role= volume  (/Users/rolandprinz/qt-projekte/DailyActionReminder/logqml.cpp:32)
[16:23:34.835] WRN: qml : [main] sound changed start callLater  (/Users/rolandprinz/qt-projekte/DailyActionReminder/logqml.cpp:32)
[16:23:35.860] WRN: qml : [SoundTaskManager] [iOS] schedule id=900014 mode=interval first=2026-06-20T06:38:41 anchor=12:38 count=60 sound=triangle_ping.wav  (/Users/rolandprinz/qt-projekte/DailyActionReminder/logqml.cpp:32)
[16:23:35.945] WRN: qml : [main] sound changed -> rescheduled keep phase  (/Users/rolandprinz/qt-projekte/DailyActionReminder/logqml.cpp:32)
[16:23:37.362] WRN: qml : [main] sound changed role= volume  (/Users/rolandprinz/qt-projekte/DailyActionReminder/logqml.cpp:32)
[16:23:37.363] WRN: qml : [main] sound changed start callLater  (/Users/rolandprinz/qt-projekte/DailyActionReminder/logqml.cpp:32)
[16:23:38.002] WRN: qml : [SoundTaskManager] [iOS] schedule id=900014 mode=interval first=2026-06-20T06:38:41 anchor=12:38 count=60 sound=triangle_ping.wav  (/Users/rolandprinz/qt-projekte/DailyActionReminder/logqml.cpp:32)
[16:23:38.095] WRN: qml : [main] sound changed -> rescheduled keep phase  (/Users/rolandprinz/qt-projekte/DailyActionReminder/logqml.cpp:32)
[16:23:38.429] WRN: qml : [main] sound changed role= volume  (/Users/rolandprinz/qt-projekte/DailyActionReminder/logqml.cpp:32)
[16:23:38.430] WRN: qml : [main] sound changed start callLater  (/Users/rolandprinz/qt-projekte/DailyActionReminder/logqml.cpp:32)
[16:23:39.474] WRN: qml : [SoundTaskManager] [iOS] schedule id=900013 mode=interval first=2026-06-15T18:38:00 anchor=12:38 count=60 sound=bell.wav  (/Users/rolandprinz/qt-projekte/DailyActionReminder/logqml.cpp:32)
[16:23:39.565] WRN: qml : [main] sound changed -> rescheduled keep phase  (/Users/rolandprinz/qt-projekte/DailyActionReminder/logqml.cpp:32)
[16:23:41.368] WRN: qml : [main] sound changed role= volume  (/Users/rolandprinz/qt-projekte/DailyActionReminder/logqml.cpp:32)
[16:23:41.369] WRN: qml : [main] sound changed start callLater  (/Users/rolandprinz/qt-projekte/DailyActionReminder/logqml.cpp:32)
[16:23:41.976] WRN: qml : [SoundTaskManager] [iOS] schedule id=900013 mode=interval first=2026-06-15T18:38:00 anchor=12:38 count=60 sound=bell.wav  (/Users/rolandprinz/qt-projekte/DailyActionReminder/logqml.cpp:32)
[16:23:42.069] WRN: qml : [main] sound changed -> rescheduled keep phase  (/Users/rolandprinz/qt-projekte/DailyActionReminder/logqml.cpp:32)
[16:23:45.219] WRN: qml : [main] sound changed role= volume  (/Users/rolandprinz/qt-projekte/DailyActionReminder/logqml.cpp:32)
[16:23:45.220] WRN: qml : [main] sound changed start callLater  (/Users/rolandprinz/qt-projekte/DailyActionReminder/logqml.cpp:32)
[16:23:45.292] WRN: qml : [SoundTaskManager] [iOS] schedule id=900012 mode=fixedTime first=2026-06-16T12:30:00 anchor= count=1 sound=bell.wav  (/Users/rolandprinz/qt-projekte/DailyActionReminder/logqml.cpp:32)
[16:23:45.292] WRN: qml : [main] sound changed -> rescheduled keep phase  (/Users/rolandprinz/qt-projekte/DailyActionReminder/logqml.cpp:32)
[16:23:46.402] WRN: qml : [main] sound changed role= volume  (/Users/rolandprinz/qt-projekte/DailyActionReminder/logqml.cpp:32)
[16:23:46.404] WRN: qml : [main] sound changed start callLater  (/Users/rolandprinz/qt-projekte/DailyActionReminder/logqml.cpp:32)
[16:23:46.500] WRN: qml : [SoundTaskManager] [iOS] schedule id=900012 mode=fixedTime first=2026-06-16T12:30:00 anchor= count=1 sound=bell.wav  (/Users/rolandprinz/qt-projekte/DailyActionReminder/logqml.cpp:32)
[16:23:46.500] WRN: qml : [main] sound changed -> rescheduled keep phase  (/Users/rolandprinz/qt-projekte/DailyActionReminder/logqml.cpp:32)
[11:00:51.859] INF: Using Qt multimedia with FFmpeg version 7.1.3 LGPL version 2.1 or later  (/Users/qt/work/qt/qtmultimedia/src/plugins/multimedia/ffmpeg/qffmpegmediaintegration.cpp:164)
[11:00:51.946] WRN: qml : [Main] onCompleted() start  (/Users/rolandprinz/qt-projekte/DailyActionReminder/logqml.cpp:32)
[11:00:51.948] WRN: qml : [checkAlarmId = 900012  (/Users/rolandprinz/qt-projekte/DailyActionReminder/logqml.cpp:32)
[11:00:51.975] WRN: qml : [Main] startup actionsRunning= true  (/Users/rolandprinz/qt-projekte/DailyActionReminder/logqml.cpp:32)
[11:00:52.476] WRN: qml : [SoundTaskManager] [iOS] audio session ready  (/Users/rolandprinz/qt-projekte/DailyActionReminder/logqml.cpp:32)
[11:00:52.483] WRN: qml : [SoundTaskManager] [iOS] notification permission granted  (/Users/rolandprinz/qt-projekte/DailyActionReminder/logqml.cpp:32)
[08:07:12.797] INF: Using Qt multimedia with FFmpeg version 7.1.3 LGPL version 2.1 or later  (/Users/qt/work/qt/qtmultimedia/src/plugins/multimedia/ffmpeg/qffmpegmediaintegration.cpp:164)
[08:07:12.880] WRN: qml : [Main] onCompleted() start  (/Users/rolandprinz/qt-projekte/DailyActionReminder/logqml.cpp:32)
[08:07:12.882] WRN: qml : [checkAlarmId = 900012  (/Users/rolandprinz/qt-projekte/DailyActionReminder/logqml.cpp:32)
[08:07:12.898] WRN: qml : [Main] startup actionsRunning= true  (/Users/rolandprinz/qt-projekte/DailyActionReminder/logqml.cpp:32)
[08:07:13.317] WRN: qml : [SoundTaskManager] [iOS] audio session ready  (/Users/rolandprinz/qt-projekte/DailyActionReminder/logqml.cpp:32)
[08:07:13.317] WRN: qml : [SoundTaskManager] [iOS] notification permission granted  (/Users/rolandprinz/qt-projekte/DailyActionReminder/logqml.cpp:32)
[08:07:53.895] WRN: qml : [main] sound changed role= volume  (/Users/rolandprinz/qt-projekte/DailyActionReminder/logqml.cpp:32)
[08:07:53.897] WRN: qml : [main] sound changed start callLater  (/Users/rolandprinz/qt-projekte/DailyActionReminder/logqml.cpp:32)
[08:07:54.792] WRN: qml : [SoundTaskManager] [iOS] schedule id=900014 mode=interval first=2026-06-25T00:38:41 anchor=12:38 count=60 sound=triangle_ping.wav  (/Users/rolandprinz/qt-projekte/DailyActionReminder/logqml.cpp:32)
[08:07:54.880] WRN: qml : [main] sound changed -> rescheduled keep phase  (/Users/rolandprinz/qt-projekte/DailyActionReminder/logqml.cpp:32)
[08:07:54.884] WRN: qml : [main] sound changed role= volume  (/Users/rolandprinz/qt-projekte/DailyActionReminder/logqml.cpp:32)
[08:07:54.886] WRN: qml : [main] sound changed start callLater  (/Users/rolandprinz/qt-projekte/DailyActionReminder/logqml.cpp:32)
[08:07:55.454] WRN: qml : [SoundTaskManager] [iOS] schedule id=900014 mode=interval first=2026-06-25T00:38:41 anchor=12:38 count=60 sound=triangle_ping.wav  (/Users/rolandprinz/qt-projekte/DailyActionReminder/logqml.cpp:32)
[08:07:55.542] WRN: qml : [main] sound changed -> rescheduled keep phase  (/Users/rolandprinz/qt-projekte/DailyActionReminder/logqml.cpp:32)
[08:07:56.656] WRN: qml : [main] sound changed role= volume  (/Users/rolandprinz/qt-projekte/DailyActionReminder/logqml.cpp:32)
[08:07:56.657] WRN: qml : [main] sound changed start callLater  (/Users/rolandprinz/qt-projekte/DailyActionReminder/logqml.cpp:32)
[08:07:57.281] WRN: qml : [SoundTaskManager] [iOS] schedule id=900014 mode=interval first=2026-06-25T00:38:41 anchor=12:38 count=60 sound=triangle_ping.wav  (/Users/rolandprinz/qt-projekte/DailyActionReminder/logqml.cpp:32)
[08:07:57.369] WRN: qml : [main] sound changed -> rescheduled keep phase  (/Users/rolandprinz/qt-projekte/DailyActionReminder/logqml.cpp:32)
[12:31:31.415] INF: Using Qt multimedia with FFmpeg version 7.1.3 LGPL version 2.1 or later  (/Users/qt/work/qt/qtmultimedia/src/plugins/multimedia/ffmpeg/qffmpegmediaintegration.cpp:164)
[12:31:31.498] WRN: qml : [Main] onCompleted() start  (/Users/rolandprinz/qt-projekte/DailyActionReminder/logqml.cpp:32)
[12:31:31.500] WRN: qml : [checkAlarmId = 900012  (/Users/rolandprinz/qt-projekte/DailyActionReminder/logqml.cpp:32)
[12:31:31.504] WRN: qml : [Main] startup actionsRunning= true  (/Users/rolandprinz/qt-projekte/DailyActionReminder/logqml.cpp:32)
[12:31:31.813] WRN: qml : [SoundTaskManager] [iOS] audio session ready  (/Users/rolandprinz/qt-projekte/DailyActionReminder/logqml.cpp:32)
[12:31:31.814] WRN: qml : [SoundTaskManager] [iOS] notification permission granted  (/Users/rolandprinz/qt-projekte/DailyActionReminder/logqml.cpp:32)
[08:50:24.846] WRN: QPlatformInputContext::inputMethodAccepted() does not match actual focus object IM enablement!  (/Users/qt/work/qt/qtbase/src/plugins/platforms/ios/qiosinputcontext.mm:701)
[08:50:44.680] WRN: qml : [SoundTaskManager] cancel idx= 3  alarmId= 900016  (/Users/rolandprinz/qt-projekte/DailyActionReminder/logqml.cpp:32)
[08:50:44.692] WRN: qml : [SoundTaskManager] [iOS] cancel id=900016  (/Users/rolandprinz/qt-projekte/DailyActionReminder/logqml.cpp:32)
[08:50:44.696] WRN: qml : [SoundTaskManager] startInterval idx= 3  startMs= 0  endMs= 0  anchorMs= 1783407600000  intervalSecs= 14400  vol= 1  (/Users/rolandprinz/qt-projekte/DailyActionReminder/logqml.cpp:32)
[08:50:45.217] WRN: qml : [SoundTaskManager] [iOS] schedule id=900017 mode=interval first=2026-07-07T13:00:00 anchor=09:00 count=60 sound=wood_tap.wav  (/Users/rolandprinz/qt-projekte/DailyActionReminder/logqml.cpp:32)
[08:50:45.218] WRN: qml : [SoundTaskManager] startInterval -> id= 900017  (/Users/rolandprinz/qt-projekte/DailyActionReminder/logqml.cpp:32)
[08:50:45.223] WRN: QPlatformInputContext::inputMethodAccepted() does not match actual focus object IM enablement!  (/Users/qt/work/qt/qtbase/src/plugins/platforms/ios/qiosinputcontext.mm:701)
[08:50:45.233] WRN: QPlatformInputContext::inputMethodAccepted() does not match actual focus object IM enablement!  (/Users/qt/work/qt/qtbase/src/plugins/platforms/ios/qiosinputcontext.mm:701)
[08:51:26.492] WRN: QPlatformInputContext::inputMethodAccepted() does not match actual focus object IM enablement!  (/Users/qt/work/qt/qtbase/src/plugins/platforms/ios/qiosinputcontext.mm:701)
[08:51:40.833] WRN: qml : [SoundTaskManager] cancel idx= 1  alarmId= 900013  (/Users/rolandprinz/qt-projekte/DailyActionReminder/logqml.cpp:32)
[08:51:40.878] WRN: qml : [SoundTaskManager] [iOS] cancel id=900013  (/Users/rolandprinz/qt-projekte/DailyActionReminder/logqml.cpp:32)
[08:51:40.880] WRN: qml : [SoundTaskManager] startInterval idx= 1  startMs= 1783404000000  endMs= 1783458000000  anchorMs= 1783404000000  intervalSecs= 10800  vol= 1  (/Users/rolandprinz/qt-projekte/DailyActionReminder/logqml.cpp:32)
[08:51:41.857] WRN: qml : [SoundTaskManager] [iOS] schedule id=900018 mode=interval first=2026-07-07T11:00:00 anchor=08:00 count=60 sound=bell.wav  (/Users/rolandprinz/qt-projekte/DailyActionReminder/logqml.cpp:32)
[08:51:41.858] WRN: qml : [SoundTaskManager] startInterval -> id= 900018  (/Users/rolandprinz/qt-projekte/DailyActionReminder/logqml.cpp:32)
[08:51:41.863] WRN: QPlatformInputContext::inputMethodAccepted() does not match actual focus object IM enablement!  (/Users/qt/work/qt/qtbase/src/plugins/platforms/ios/qiosinputcontext.mm:701)
[08:51:41.871] WRN: QPlatformInputContext::inputMethodAccepted() does not match actual focus object IM enablement!  (/Users/qt/work/qt/qtbase/src/plugins/platforms/ios/qiosinputcontext.mm:701)
[08:52:41.408] WRN: QPlatformInputContext::inputMethodAccepted() does not match actual focus object IM enablement!  (/Users/qt/work/qt/qtbase/src/plugins/platforms/ios/qiosinputcontext.mm:701)
[08:52:57.730] WRN: qml : [SoundTaskManager] cancel idx= 1  alarmId= 900018  (/Users/rolandprinz/qt-projekte/DailyActionReminder/logqml.cpp:32)
[08:52:57.779] WRN: qml : [SoundTaskManager] [iOS] cancel id=900018  (/Users/rolandprinz/qt-projekte/DailyActionReminder/logqml.cpp:32)
[08:52:57.782] WRN: qml : [SoundTaskManager] startInterval idx= 1  startMs= 1783404000000  endMs= 1783458000000  anchorMs= 1783407600000  intervalSecs= 10800  vol= 1  (/Users/rolandprinz/qt-projekte/DailyActionReminder/logqml.cpp:32)
[08:52:58.335] WRN: qml : [SoundTaskManager] [iOS] schedule id=900019 mode=interval first=2026-07-07T12:00:00 anchor=09:00 count=60 sound=bell.wav  (/Users/rolandprinz/qt-projekte/DailyActionReminder/logqml.cpp:32)
[08:52:58.336] WRN: qml : [SoundTaskManager] startInterval -> id= 900019  (/Users/rolandprinz/qt-projekte/DailyActionReminder/logqml.cpp:32)
[08:52:58.370] WRN: QPlatformInputContext::inputMethodAccepted() does not match actual focus object IM enablement!  (/Users/qt/work/qt/qtbase/src/plugins/platforms/ios/qiosinputcontext.mm:701)
[08:52:58.373] WRN: QPlatformInputContext::inputMethodAccepted() does not match actual focus object IM enablement!  (/Users/qt/work/qt/qtbase/src/plugins/platforms/ios/qiosinputcontext.mm:701)
[08:53:34.320] WRN: QPlatformInputContext::inputMethodAccepted() does not match actual focus object IM enablement!  (/Users/qt/work/qt/qtbase/src/plugins/platforms/ios/qiosinputcontext.mm:701)
[08:53:44.846] WRN: qml : [SoundTaskManager] cancel idx= 3  alarmId= 900017  (/Users/rolandprinz/qt-projekte/DailyActionReminder/logqml.cpp:32)
[08:53:44.896] WRN: qml : [SoundTaskManager] [iOS] cancel id=900017  (/Users/rolandprinz/qt-projekte/DailyActionReminder/logqml.cpp:32)
[08:53:44.898] WRN: qml : [SoundTaskManager] startInterval idx= 3  startMs= 0  endMs= 0  anchorMs= 1783411200000  intervalSecs= 14400  vol= 1  (/Users/rolandprinz/qt-projekte/DailyActionReminder/logqml.cpp:32)
[08:53:45.870] WRN: qml : [SoundTaskManager] [iOS] schedule id=900020 mode=interval first=2026-07-07T14:00:00 anchor=10:00 count=60 sound=wood_tap.wav  (/Users/rolandprinz/qt-projekte/DailyActionReminder/logqml.cpp:32)
[08:53:45.871] WRN: qml : [SoundTaskManager] startInterval -> id= 900020  (/Users/rolandprinz/qt-projekte/DailyActionReminder/logqml.cpp:32)
[08:53:45.876] WRN: QPlatformInputContext::inputMethodAccepted() does not match actual focus object IM enablement!  (/Users/qt/work/qt/qtbase/src/plugins/platforms/ios/qiosinputcontext.mm:701)
[08:53:45.885] WRN: QPlatformInputContext::inputMethodAccepted() does not match actual focus object IM enablement!  (/Users/qt/work/qt/qtbase/src/plugins/platforms/ios/qiosinputcontext.mm:701)
[08:37:21.703] INF: Using Qt multimedia with FFmpeg version 7.1.3 LGPL version 2.1 or later  (/Users/qt/work/qt/qtmultimedia/src/plugins/multimedia/ffmpeg/qffmpegmediaintegration.cpp:164)
[08:37:21.794] WRN: qml : [Main] onCompleted() start  (/Users/rolandprinz/qt-projekte/DailyActionReminder/logqml.cpp:32)
[08:37:21.796] WRN: qml : [checkAlarmId = 900012  (/Users/rolandprinz/qt-projekte/DailyActionReminder/logqml.cpp:32)
[08:37:21.805] WRN: qml : [checkAlarmId = 900019  (/Users/rolandprinz/qt-projekte/DailyActionReminder/logqml.cpp:32)
[08:37:21.815] WRN: qml : [Main] startup actionsRunning= true  (/Users/rolandprinz/qt-projekte/DailyActionReminder/logqml.cpp:32)
[08:37:22.249] WRN: qml : [SoundTaskManager] [iOS] audio session ready  (/Users/rolandprinz/qt-projekte/DailyActionReminder/logqml.cpp:32)
[08:37:22.249] WRN: qml : [SoundTaskManager] [iOS] notification permission granted  (/Users/rolandprinz/qt-projekte/DailyActionReminder/logqml.cpp:32)
[11:36:17.851] INF: Using Qt multimedia with FFmpeg version 7.1.3 LGPL version 2.1 or later  (/Users/qt/work/qt/qtmultimedia/src/plugins/multimedia/ffmpeg/qffmpegmediaintegration.cpp:164)
[11:36:17.988] WRN: qml : [Main] onCompleted() start  (/Users/rolandprinz/qt-projekte/DailyActionReminder/logqml.cpp:32)
[11:36:17.991] WRN: qml : [checkAlarmId = 900012  (/Users/rolandprinz/qt-projekte/DailyActionReminder/logqml.cpp:32)
[11:36:18.007] WRN: qml : [checkAlarmId = 900019  (/Users/rolandprinz/qt-projekte/DailyActionReminder/logqml.cpp:32)
[11:36:18.016] WRN: qml : [Main] startup actionsRunning= true  (/Users/rolandprinz/qt-projekte/DailyActionReminder/logqml.cpp:32)
[11:36:18.593] WRN: qml : [SoundTaskManager] [iOS] audio session ready  (/Users/rolandprinz/qt-projekte/DailyActionReminder/logqml.cpp:32)
[11:36:18.593] WRN: qml : [SoundTaskManager] [iOS] notification permission granted  (/Users/rolandprinz/qt-projekte/DailyActionReminder/logqml.cpp:32)
[12:01:48.836] WRN: qml : [main] sound changed role= soundEnabled  (/Users/rolandprinz/qt-projekte/DailyActionReminder/logqml.cpp:32)
[12:01:48.841] WRN: qml : [main] sound changed start callLater  (/Users/rolandprinz/qt-projekte/DailyActionReminder/logqml.cpp:32)
[12:01:49.530] WRN: qml : [SoundTaskManager] [iOS] schedule id=900019 mode=interval first=2026-07-18T15:00:00 anchor=09:00 count=60 sound=bell.wav  (/Users/rolandprinz/qt-projekte/DailyActionReminder/logqml.cpp:32)
[12:01:49.620] WRN: qml : [main] sound changed -> rescheduled keep phase  (/Users/rolandprinz/qt-projekte/DailyActionReminder/logqml.cpp:32)
[12:01:50.781] WRN: qml : [main] sound changed role= soundEnabled  (/Users/rolandprinz/qt-projekte/DailyActionReminder/logqml.cpp:32)
[12:01:50.783] WRN: qml : [main] sound changed start callLater  (/Users/rolandprinz/qt-projekte/DailyActionReminder/logqml.cpp:32)
[12:01:51.392] WRN: qml : [SoundTaskManager] [iOS] schedule id=900019 mode=interval first=2026-07-18T15:00:00 anchor=09:00 count=60 sound=bell.wav  (/Users/rolandprinz/qt-projekte/DailyActionReminder/logqml.cpp:32)
[12:01:51.485] WRN: qml : [main] sound changed -> rescheduled keep phase  (/Users/rolandprinz/qt-projekte/DailyActionReminder/logqml.cpp:32)
[12:01:56.948] WRN: qml : [main] sound changed role= volume  (/Users/rolandprinz/qt-projekte/DailyActionReminder/logqml.cpp:32)
[12:01:56.950] WRN: qml : [main] sound changed start callLater  (/Users/rolandprinz/qt-projekte/DailyActionReminder/logqml.cpp:32)
[12:01:57.992] WRN: qml : [SoundTaskManager] [iOS] schedule id=900014 mode=interval first=2026-07-15T14:38:00 anchor=12:38 count=60 sound=triangle_ping.wav  (/Users/rolandprinz/qt-projekte/DailyActionReminder/logqml.cpp:32)
[12:01:58.084] WRN: qml : [main] sound changed -> rescheduled keep phase  (/Users/rolandprinz/qt-projekte/DailyActionReminder/logqml.cpp:32)
[12:01:58.400] WRN: qml : [main] sound changed role= soundEnabled  (/Users/rolandprinz/qt-projekte/DailyActionReminder/logqml.cpp:32)
[12:01:58.402] WRN: qml : [main] sound changed start callLater  (/Users/rolandprinz/qt-projekte/DailyActionReminder/logqml.cpp:32)
[12:01:59.010] WRN: qml : [SoundTaskManager] [iOS] schedule id=900014 mode=interval first=2026-07-15T14:38:00 anchor=12:38 count=60 sound=triangle_ping.wav  (/Users/rolandprinz/qt-projekte/DailyActionReminder/logqml.cpp:32)
[12:01:59.102] WRN: qml : [main] sound changed -> rescheduled keep phase  (/Users/rolandprinz/qt-projekte/DailyActionReminder/logqml.cpp:32)
[12:02:05.603] WRN: qml : [main] sound changed role= soundEnabled  (/Users/rolandprinz/qt-projekte/DailyActionReminder/logqml.cpp:32)
[12:02:05.605] WRN: qml : [main] sound changed start callLater  (/Users/rolandprinz/qt-projekte/DailyActionReminder/logqml.cpp:32)
[12:02:06.212] WRN: qml : [SoundTaskManager] [iOS] schedule id=900014 mode=interval first=2026-07-15T14:38:00 anchor=12:38 count=60 sound=triangle_ping.wav  (/Users/rolandprinz/qt-projekte/DailyActionReminder/logqml.cpp:32)
[12:02:06.305] WRN: qml : [main] sound changed -> rescheduled keep phase  (/Users/rolandprinz/qt-projekte/DailyActionReminder/logqml.cpp:32)
[12:02:08.133] WRN: qml : [main] sound changed role= volume  (/Users/rolandprinz/qt-projekte/DailyActionReminder/logqml.cpp:32)
[12:02:08.134] WRN: qml : [main] sound changed start callLater  (/Users/rolandprinz/qt-projekte/DailyActionReminder/logqml.cpp:32)
[12:02:08.746] WRN: qml : [SoundTaskManager] [iOS] schedule id=900014 mode=interval first=2026-07-15T14:38:00 anchor=12:38 count=60 sound=triangle_ping.wav  (/Users/rolandprinz/qt-projekte/DailyActionReminder/logqml.cpp:32)
[12:02:08.839] WRN: qml : [main] sound changed -> rescheduled keep phase  (/Users/rolandprinz/qt-projekte/DailyActionReminder/logqml.cpp:32)
[12:02:22.763] WRN: qml : [main] sound changed role= volume  (/Users/rolandprinz/qt-projekte/DailyActionReminder/logqml.cpp:32)
[12:02:22.764] WRN: qml : [main] sound changed start callLater  (/Users/rolandprinz/qt-projekte/DailyActionReminder/logqml.cpp:32)
[12:02:22.866] WRN: qml : [SoundTaskManager] [iOS] schedule id=900012 mode=fixedTime first=2026-07-15T12:30:00 anchor= count=1 sound=bell.wav  (/Users/rolandprinz/qt-projekte/DailyActionReminder/logqml.cpp:32)
[12:02:22.866] WRN: qml : [main] sound changed -> rescheduled keep phase  (/Users/rolandprinz/qt-projekte/DailyActionReminder/logqml.cpp:32)
[12:02:23.623] WRN: qml : [main] sound changed role= volume  (/Users/rolandprinz/qt-projekte/DailyActionReminder/logqml.cpp:32)
[12:02:23.625] WRN: qml : [main] sound changed start callLater  (/Users/rolandprinz/qt-projekte/DailyActionReminder/logqml.cpp:32)
[12:02:23.711] WRN: qml : [SoundTaskManager] [iOS] schedule id=900012 mode=fixedTime first=2026-07-15T12:30:00 anchor= count=1 sound=bell.wav  (/Users/rolandprinz/qt-projekte/DailyActionReminder/logqml.cpp:32)
[12:02:23.712] WRN: qml : [main] sound changed -> rescheduled keep phase  (/Users/rolandprinz/qt-projekte/DailyActionReminder/logqml.cpp:32)
